This file contains any messages produced by compilers while
running configure, to aid debugging if configure makes a mistake.

It was created by configure, which was
generated by GNU Autoconf 2.69.  Invocation command line was

  $ ./configure 

## --------- ##
## Platform. ##
## --------- ##

hostname = macbook.local
uname -m = x86_64
uname -r = 15.0.0
uname -s = Darwin
uname -v = Darwin Kernel Version 15.0.0: Sat Sep 19 15:53:46 PDT 2015; root:xnu-3247.10.11~1/RELEASE_X86_64

/usr/bin/uname -p = i386
/bin/uname -X     = unknown

/bin/arch              = unknown
/usr/bin/arch -k       = unknown
/usr/convex/getsysinfo = unknown
/usr/bin/hostinfo      = Mach kernel version:
	 Darwin Kernel Version 15.0.0: Sat Sep 19 15:53:46 PDT 2015; root:xnu-3247.10.11~1/RELEASE_X86_64
Kernel configured for up to 4 processors.
2 processors are physically available.
4 processors are logically available.
Processor type: i486 (Intel 80486)
Processors active: 0 1 2 3
Primary memory available: 8.00 gigabytes
Default processor set: 338 tasks, 1703 threads, 4 processors
Load average: 1.90, Mach factor: 2.09
/bin/machine           = unknown
/usr/bin/oslevel       = unknown
/bin/universe          = unknown

PATH: /opt/local/bin
PATH: /usr/local/bin
PATH: /usr/local/sbin
PATH: /usr/bin
PATH: /bin
PATH: /usr/sbin
PATH: /sbin
PATH: /opt/X11/bin
PATH: /usr/local/git/bin
PATH: /usr/texbin
PATH: /usr/local/rvm/bin/
PATH: /usr/local/go/bin
PATH: /Users/eagle/.composer/vendor/bin


## ----------- ##
## Core tests. ##
## ----------- ##

configure:2292: checking for grep that handles long lines and -e
configure:2350: result: /usr/bin/grep
configure:2355: checking for egrep
configure:2417: result: /usr/bin/grep -E
configure:2422: checking for a sed that does not truncate output
configure:2476: result: /usr/bin/sed
configure:2608: checking for cc
configure:2624: found /usr/bin/cc
configure:2635: result: cc
configure:2666: checking for C compiler version
configure:2675: cc --version >&5
Apple LLVM version 7.0.0 (clang-700.1.76)
Target: x86_64-apple-darwin15.0.0
Thread model: posix
configure:2686: $? = 0
configure:2675: cc -v >&5
Apple LLVM version 7.0.0 (clang-700.1.76)
Target: x86_64-apple-darwin15.0.0
Thread model: posix
configure:2686: $? = 0
configure:2675: cc -V >&5
clang: error: argument to '-V' is missing (expected 1 value)
clang: error: no input files
configure:2686: $? = 1
configure:2675: cc -qversion >&5
clang: error: unknown argument: '-qversion'
clang: error: no input files
configure:2686: $? = 1
configure:2706: checking whether the C compiler works
configure:2728: cc    conftest.c  >&5
configure:2732: $? = 0
configure:2780: result: yes
configure:2783: checking for C compiler default output file name
configure:2785: result: a.out
configure:2791: checking for suffix of executables
configure:2798: cc -o conftest    conftest.c  >&5
configure:2802: $? = 0
configure:2824: result: 
configure:2846: checking whether we are cross compiling
configure:2854: cc -o conftest    conftest.c  >&5
configure:2858: $? = 0
configure:2865: ./conftest
configure:2869: $? = 0
configure:2884: result: no
configure:2889: checking for suffix of object files
configure:2911: cc -c   conftest.c >&5
configure:2915: $? = 0
configure:2936: result: o
configure:2940: checking whether we are using the GNU C compiler
configure:2959: cc -c   conftest.c >&5
configure:2959: $? = 0
configure:2968: result: yes
configure:2977: checking whether cc accepts -g
configure:2997: cc -c -g  conftest.c >&5
configure:2997: $? = 0
configure:3038: result: yes
configure:3055: checking for cc option to accept ISO C89
configure:3118: cc  -c -g -O2  conftest.c >&5
configure:3118: $? = 0
configure:3131: result: none needed
configure:3157: checking how to run the C preprocessor
configure:3188: cc -E  conftest.c
configure:3188: $? = 0
configure:3202: cc -E  conftest.c
conftest.c:9:10: fatal error: 'ac_nonexistent.h' file not found
#include <ac_nonexistent.h>
         ^
1 error generated.
configure:3202: $? = 1
configure: failed program was:
| /* confdefs.h */
| #define PACKAGE_NAME ""
| #define PACKAGE_TARNAME ""
| #define PACKAGE_VERSION ""
| #define PACKAGE_STRING ""
| #define PACKAGE_BUGREPORT ""
| #define PACKAGE_URL ""
| /* end confdefs.h.  */
| #include <ac_nonexistent.h>
configure:3227: result: cc -E
configure:3247: cc -E  conftest.c
configure:3247: $? = 0
configure:3261: cc -E  conftest.c
conftest.c:9:10: fatal error: 'ac_nonexistent.h' file not found
#include <ac_nonexistent.h>
         ^
1 error generated.
configure:3261: $? = 1
configure: failed program was:
| /* confdefs.h */
| #define PACKAGE_NAME ""
| #define PACKAGE_TARNAME ""
| #define PACKAGE_VERSION ""
| #define PACKAGE_STRING ""
| #define PACKAGE_BUGREPORT ""
| #define PACKAGE_URL ""
| /* end confdefs.h.  */
| #include <ac_nonexistent.h>
configure:3292: checking for icc
configure:3301: result: no
configure:3315: checking for suncc
configure:3324: result: no
configure:3342: checking whether cc understands -c and -o together
configure:3370: cc -c conftest.c -o conftest2.o >&5
configure:3374: $? = 0
configure:3380: cc -c conftest.c -o conftest2.o >&5
configure:3384: $? = 0
configure:3439: result: yes
configure:3453: checking for system library directory
configure:3468: result: lib
configure:3475: checking if compiler supports -R
configure:3494: cc -o conftest -g -O2   conftest.c -R /usr/lib  >&5
warning: unknown remark option '-R' [-Wunknown-warning-option]
1 warning generated.
ld: can't map file, errno=22 file '/usr/lib' for architecture x86_64
clang: error: linker command failed with exit code 1 (use -v to see invocation)
configure:3494: $? = 1
configure: failed program was:
| /* confdefs.h */
| #define PACKAGE_NAME ""
| #define PACKAGE_TARNAME ""
| #define PACKAGE_VERSION ""
| #define PACKAGE_STRING ""
| #define PACKAGE_BUGREPORT ""
| #define PACKAGE_URL ""
| /* end confdefs.h.  */
| 
| int
| main ()
| {
| 
|   ;
|   return 0;
| }
configure:3504: result: no
configure:3509: checking if compiler supports -Wl,-rpath,
configure:3528: cc -o conftest -g -O2   conftest.c -Wl,-rpath,/usr/lib  >&5
configure:3528: $? = 0
configure:3538: result: yes
configure:3583: checking build system type
configure:3597: result: x86_64-apple-darwin15.0.0
configure:3617: checking host system type
configure:3630: result: x86_64-apple-darwin15.0.0
configure:3650: checking target system type
configure:3663: result: x86_64-apple-darwin15.0.0
configure:3766: checking for PHP prefix
configure:3768: result: /usr/local/Cellar/php55/5.5.30
configure:3770: checking for PHP includes
configure:3772: result: -I/usr/local/Cellar/php55/5.5.30/include/php -I/usr/local/Cellar/php55/5.5.30/include/php/main -I/usr/local/Cellar/php55/5.5.30/include/php/TSRM -I/usr/local/Cellar/php55/5.5.30/include/php/Zend -I/usr/local/Cellar/php55/5.5.30/include/php/ext -I/usr/local/Cellar/php55/5.5.30/include/php/ext/date/lib
configure:3774: checking for PHP extension directory
configure:3776: result: /usr/local/Cellar/php55/5.5.30/lib/php/extensions/no-debug-zts-20121212
configure:3778: checking for PHP installed headers prefix
configure:3780: result: /usr/local/Cellar/php55/5.5.30/include/php
configure:3783: checking if debug is enabled
configure:3809: result: no
configure:3812: checking if zts is enabled
configure:3838: result: no
configure:3909: checking for re2c
configure:3939: result: no
configure:3964: WARNING: You will need re2c 0.13.4 or later if you want to regenerate PHP parsers.
configure:3978: checking for gawk
configure:4009: result: no
configure:3978: checking for nawk
configure:4009: result: no
configure:3978: checking for awk
configure:3995: found /usr/bin/awk
configure:4006: result: awk
configure:4029: checking if awk is broken
configure:4036: result: no
configure:4446: checking for ld used by cc
configure:4513: result: /Applications/Xcode.app/Contents/Developer/Toolchains/XcodeDefault.xctoolchain/usr/bin/ld
configure:4520: checking if the linker (/Applications/Xcode.app/Contents/Developer/Toolchains/XcodeDefault.xctoolchain/usr/bin/ld) is GNU ld
configure:4535: result: no
configure:4540: checking for /Applications/Xcode.app/Contents/Developer/Toolchains/XcodeDefault.xctoolchain/usr/bin/ld option to reload object files
configure:4547: result: -r
configure:4565: checking for BSD-compatible nm
configure:4614: result: /usr/bin/nm
configure:4618: checking whether ln -s works
configure:4622: result: yes
configure:4629: checking how to recognize dependent libraries
configure:4815: result: pass_all
configure:5033: checking for ANSI C header files
configure:5053: cc -c -g -O2  conftest.c >&5
configure:5053: $? = 0
configure:5126: cc -o conftest -g -O2   conftest.c  >&5
configure:5126: $? = 0
configure:5126: ./conftest
configure:5126: $? = 0
configure:5137: result: yes
configure:5150: checking for sys/types.h
configure:5150: cc -c -g -O2  conftest.c >&5
configure:5150: $? = 0
configure:5150: result: yes
configure:5150: checking for sys/stat.h
configure:5150: cc -c -g -O2  conftest.c >&5
configure:5150: $? = 0
configure:5150: result: yes
configure:5150: checking for stdlib.h
configure:5150: cc -c -g -O2  conftest.c >&5
configure:5150: $? = 0
configure:5150: result: yes
configure:5150: checking for string.h
configure:5150: cc -c -g -O2  conftest.c >&5
configure:5150: $? = 0
configure:5150: result: yes
configure:5150: checking for memory.h
configure:5150: cc -c -g -O2  conftest.c >&5
configure:5150: $? = 0
configure:5150: result: yes
configure:5150: checking for strings.h
configure:5150: cc -c -g -O2  conftest.c >&5
configure:5150: $? = 0
configure:5150: result: yes
configure:5150: checking for inttypes.h
configure:5150: cc -c -g -O2  conftest.c >&5
configure:5150: $? = 0
configure:5150: result: yes
configure:5150: checking for stdint.h
configure:5150: cc -c -g -O2  conftest.c >&5
configure:5150: $? = 0
configure:5150: result: yes
configure:5150: checking for unistd.h
configure:5150: cc -c -g -O2  conftest.c >&5
configure:5150: $? = 0
configure:5150: result: yes
configure:5164: checking dlfcn.h usability
configure:5164: cc -c -g -O2  conftest.c >&5
configure:5164: $? = 0
configure:5164: result: yes
configure:5164: checking dlfcn.h presence
configure:5164: cc -E  conftest.c
configure:5164: $? = 0
configure:5164: result: yes
configure:5164: checking for dlfcn.h
configure:5164: result: yes
configure:5186: checking the maximum length of command line arguments
configure:5298: result: 196608
configure:5310: checking command to parse /usr/bin/nm output from cc object
configure:5415: cc -c -g -O2  conftest.c >&5
configure:5418: $? = 0
configure:5422: /usr/bin/nm conftest.o \| sed -n -e 's/^.*[ 	]\([BCDEGRST][BCDEGRST]*\)[ 	][ 	]*\([_A-Za-z][_A-Za-z0-9]*\)$/\1 \2 \2/p' \> conftest.nm
configure:5425: $? = 0
cannot find nm_test_var in conftest.nm
configure:5415: cc -c -g -O2  conftest.c >&5
configure:5418: $? = 0
configure:5422: /usr/bin/nm conftest.o \| sed -n -e 's/^.*[ 	]\([BCDEGRST][BCDEGRST]*\)[ 	][ 	]*_\([_A-Za-z][_A-Za-z0-9]*\)$/\1 _\2 \2/p' \> conftest.nm
configure:5425: $? = 0
configure:5477: cc -o conftest -g -O2   conftest.c conftstm.o >&5
warning: (x86_64)  could not find object file symbol for symbol _main
configure:5480: $? = 0
configure:5518: result: ok
configure:5522: checking for objdir
configure:5537: result: .libs
configure:5629: checking for ar
configure:5645: found /usr/bin/ar
configure:5656: result: ar
configure:5721: checking for ranlib
configure:5737: found /usr/bin/ranlib
configure:5748: result: ranlib
configure:5813: checking for strip
configure:5829: found /usr/bin/strip
configure:5840: result: strip
configure:6093: checking for dsymutil
configure:6109: found /usr/bin/dsymutil
configure:6120: result: dsymutil
configure:6185: checking for nmedit
configure:6201: found /usr/bin/nmedit
configure:6212: result: nmedit
configure:6235: checking for -single_module linker flag
configure:6256: result: yes
configure:6258: checking for -exported_symbols_list linker flag
configure:6274: cc -o conftest -g -O2   -Wl,-exported_symbols_list,conftest.sym conftest.c  >&5
configure:6277: $? = 0
configure:6291: result: yes
configure:6409: checking if cc supports -fno-rtti -fno-exceptions
configure:6427: cc -c -g -O2  -fno-rtti -fno-exceptions conftest.c >&5
configure:6431: $? = 0
configure:6444: result: yes
configure:6459: checking for cc option to produce PIC
configure:6699: result: -fno-common
configure:6707: checking if cc PIC flag -fno-common works
configure:6725: cc -c -g -O2  -fno-common -DPIC conftest.c >&5
configure:6729: $? = 0
configure:6742: result: yes
configure:6770: checking if cc static flag -static works
configure:6798: result: no
configure:6808: checking if cc supports -c -o file.o
configure:6829: cc -c -g -O2  -o out/conftest2.o conftest.c >&5
configure:6833: $? = 0
configure:6855: result: yes
configure:6881: checking whether the cc linker (/Applications/Xcode.app/Contents/Developer/Toolchains/XcodeDefault.xctoolchain/usr/bin/ld) supports shared libraries
configure:7809: result: yes
configure:7876: checking dynamic linker characteristics
configure:8474: result: darwin15.0.0 dyld
configure:8498: checking how to hardcode library paths into programs
configure:8523: result: immediate
configure:8537: checking whether stripping libraries is possible
configure:8551: result: yes
configure:9059: checking if libtool supports shared libraries
configure:9061: result: yes
configure:9064: checking whether to build shared libraries
configure:9085: result: yes
configure:9088: checking whether to build static libraries
configure:9092: result: no
configure:9187: result:
creating libtool
configure:12886: creating ./config.status

## ---------------------- ##
## Running config.status. ##
## ---------------------- ##

This file was extended by config.status, which was
generated by GNU Autoconf 2.69.  Invocation command line was

  CONFIG_FILES    = 
  CONFIG_HEADERS  = 
  CONFIG_LINKS    = 
  CONFIG_COMMANDS = 
  $ ./config.status 

on macbook.local

config.status:675: creating config.h
config.status:765: config.h is unchanged

## ---------------- ##
## Cache variables. ##
## ---------------- ##

ac_cv_build=x86_64-apple-darwin15.0.0
ac_cv_c_compiler_gnu=yes
ac_cv_env_CC_set=
ac_cv_env_CC_value=
ac_cv_env_CFLAGS_set=
ac_cv_env_CFLAGS_value=
ac_cv_env_CPPFLAGS_set=
ac_cv_env_CPPFLAGS_value=
ac_cv_env_CPP_set=
ac_cv_env_CPP_value=
ac_cv_env_LDFLAGS_set=
ac_cv_env_LDFLAGS_value=
ac_cv_env_LIBS_set=
ac_cv_env_LIBS_value=
ac_cv_env_build_alias_set=
ac_cv_env_build_alias_value=
ac_cv_env_host_alias_set=
ac_cv_env_host_alias_value=
ac_cv_env_target_alias_set=
ac_cv_env_target_alias_value=
ac_cv_header_dlfcn_h=yes
ac_cv_header_inttypes_h=yes
ac_cv_header_memory_h=yes
ac_cv_header_stdc=yes
ac_cv_header_stdint_h=yes
ac_cv_header_stdlib_h=yes
ac_cv_header_string_h=yes
ac_cv_header_strings_h=yes
ac_cv_header_sys_stat_h=yes
ac_cv_header_sys_types_h=yes
ac_cv_header_unistd_h=yes
ac_cv_host=x86_64-apple-darwin15.0.0
ac_cv_objext=o
ac_cv_path_EGREP='/usr/bin/grep -E'
ac_cv_path_GREP=/usr/bin/grep
ac_cv_prog_AWK=awk
ac_cv_prog_CPP='cc -E'
ac_cv_prog_ac_ct_AR=ar
ac_cv_prog_ac_ct_CC=cc
ac_cv_prog_ac_ct_DSYMUTIL=dsymutil
ac_cv_prog_ac_ct_NMEDIT=nmedit
ac_cv_prog_ac_ct_RANLIB=ranlib
ac_cv_prog_ac_ct_STRIP=strip
ac_cv_prog_cc_c89=
ac_cv_prog_cc_cc_c_o=yes
ac_cv_prog_cc_g=yes
ac_cv_target=x86_64-apple-darwin15.0.0
lt_cv_apple_cc_single_mod=yes
lt_cv_deplibs_check_method=pass_all
lt_cv_file_magic_cmd='$MAGIC_CMD'
lt_cv_file_magic_test_file=
lt_cv_ld_exported_symbols_list=yes
lt_cv_ld_reload_flag=-r
lt_cv_objdir=.libs
lt_cv_path_LD=/Applications/Xcode.app/Contents/Developer/Toolchains/XcodeDefault.xctoolchain/usr/bin/ld
lt_cv_path_NM=/usr/bin/nm
lt_cv_path_SED=/usr/bin/sed
lt_cv_prog_compiler_c_o=yes
lt_cv_prog_compiler_pic_works=yes
lt_cv_prog_compiler_rtti_exceptions=yes
lt_cv_prog_compiler_static_works=no
lt_cv_prog_gnu_ld=no
lt_cv_sys_global_symbol_pipe='sed -n -e '\''s/^.*[ 	]\([BCDEGRST][BCDEGRST]*\)[ 	][ 	]*_\([_A-Za-z][_A-Za-z0-9]*\)$/\1 _\2 \2/p'\'''
lt_cv_sys_global_symbol_to_c_name_address='sed -n -e '\''s/^: \([^ ]*\) $/  {\"\1\", (lt_ptr) 0},/p'\'' -e '\''s/^[BCDEGRST] \([^ ]*\) \([^ ]*\)$/  {"\2", (lt_ptr) \&\2},/p'\'''
lt_cv_sys_global_symbol_to_cdecl='sed -n -e '\''s/^. .* \(.*\)$/extern int \1;/p'\'''
lt_cv_sys_lib_dlsearch_path_spec='/usr/local/lib /lib /usr/lib'
lt_cv_sys_lib_search_path_spec='/Applications/Xcode.app/Contents/Developer/Toolchains/XcodeDefault.xctoolchain/usr/lib/clang/7.0.0 /usr/local/lib'
lt_cv_sys_max_cmd_len=196608
lt_lt_cv_prog_compiler_c_o='"yes"'
lt_lt_cv_sys_global_symbol_pipe='"sed -n -e '\''s/^.*[ 	]\\([BCDEGRST][BCDEGRST]*\\)[ 	][ 	]*_\\([_A-Za-z][_A-Za-z0-9]*\\)\$/\\1 _\\2 \\2/p'\''"'
lt_lt_cv_sys_global_symbol_to_c_name_address='"sed -n -e '\''s/^: \\([^ ]*\\) \$/  {\\\"\\1\\\", (lt_ptr) 0},/p'\'' -e '\''s/^[BCDEGRST] \\([^ ]*\\) \\([^ ]*\\)\$/  {\"\\2\", (lt_ptr) \\&\\2},/p'\''"'
lt_lt_cv_sys_global_symbol_to_cdecl='"sed -n -e '\''s/^. .* \\(.*\\)\$/extern int \\1;/p'\''"'
php_cv_cc_dashr=no
php_cv_cc_rpath=yes

## ----------------- ##
## Output variables. ##
## ----------------- ##

AR='ar'
AWK='awk'
CC='cc'
CFLAGS='-g -O2'
CONFIGURE_COMMAND=' '\''./configure'\'' '
CONFIGURE_OPTIONS=''
CPP='cc -E'
CPPFLAGS=' -DHAVE_CONFIG_H'
DEFS='-DHAVE_CONFIG_H'
DSYMUTIL='dsymutil'
ECHO='/bin/echo'
ECHO_C='\c'
ECHO_N=''
ECHO_T=''
EGREP='/usr/bin/grep -E'
EXEEXT=''
GREP='/usr/bin/grep'
LDFLAGS=''
LIBOBJS=''
LIBS=''
LIBTOOL='$(SHELL) $(top_builddir)/libtool'
LN_S='ln -s'
LTLIBOBJS=''
NMEDIT='nmedit'
OBJEXT='o'
PACKAGE_BUGREPORT=''
PACKAGE_NAME=''
PACKAGE_STRING=''
PACKAGE_TARNAME=''
PACKAGE_URL=''
PACKAGE_VERSION=''
PATH_SEPARATOR=':'
RANLIB='ranlib'
RE2C='exit 0;'
SED='/usr/bin/sed'
SHELL='/bin/sh'
SHLIB_DL_SUFFIX_NAME='so'
SHLIB_SUFFIX_NAME='dylib'
STRIP='strip'
ac_ct_CC='cc'
bindir='${exec_prefix}/bin'
build='x86_64-apple-darwin15.0.0'
build_alias=''
build_cpu='x86_64'
build_os='darwin15.0.0'
build_vendor='apple'
datadir='${datarootdir}'
datarootdir='${prefix}/share'
docdir='${datarootdir}/doc/${PACKAGE}'
dvidir='${docdir}'
exec_prefix='$(prefix)'
host='x86_64-apple-darwin15.0.0'
host_alias='x86_64-apple-darwin15.0.0'
host_cpu='x86_64'
host_os='darwin15.0.0'
host_vendor='apple'
htmldir='${docdir}'
includedir='${prefix}/include'
infodir='${datarootdir}/info'
libdir='${exec_prefix}/lib'
libexecdir='${exec_prefix}/libexec'
localedir='${datarootdir}/locale'
localstatedir='${prefix}/var'
mandir='${datarootdir}/man'
oldincludedir='/usr/include'
pdfdir='${docdir}'
prefix='/usr/local/Cellar/php55/5.5.30'
program_transform_name='s,x,x,'
psdir='${docdir}'
sbindir='${exec_prefix}/sbin'
sharedstatedir='${prefix}/com'
sysconfdir='${prefix}/etc'
target='x86_64-apple-darwin15.0.0'
target_alias=''
target_cpu='x86_64'
target_os='darwin15.0.0'
target_vendor='apple'

## ----------- ##
## confdefs.h. ##
## ----------- ##

/* confdefs.h */
#define PACKAGE_NAME ""
#define PACKAGE_TARNAME ""
#define PACKAGE_VERSION ""
#define PACKAGE_STRING ""
#define PACKAGE_BUGREPORT ""
#define PACKAGE_URL ""
#define STDC_HEADERS 1
#define HAVE_SYS_TYPES_H 1
#define HAVE_SYS_STAT_H 1
#define HAVE_STDLIB_H 1
#define HAVE_STRING_H 1
#define HAVE_MEMORY_H 1
#define HAVE_STRINGS_H 1
#define HAVE_INTTYPES_H 1
#define HAVE_STDINT_H 1
#define HAVE_UNISTD_H 1
#define HAVE_DLFCN_H 1

configure: exit 0
